<?xml version="1.0" encoding="UTF-8"?>
<!-- Generated by org.testng.reporters.JUnitXMLReporter -->
<testsuite ignored="0" hostname="Sri-HP-New" failures="0" tests="30" name="Default test" time="68.02" errors="0" timestamp="2023-02-25T14:53:38 IST">
  <testcase classname="BingPackage.BingClass" name="search" time="2.74"/>
  <testcase classname="BingPackage.BingClass" name="search" time="2.697"/>
  <testcase classname="BingPackage.BingClass" name="search" time="1.829"/>
  <testcase classname="BingPackage.BingClass" name="search" time="2.705"/>
  <testcase classname="BingPackage.BingClass" name="search" time="2.712"/>
  <testcase classname="BingPackage.BingClass" name="search" time="2.569"/>
  <testcase classname="BingPackage.BingClass" name="search" time="1.761"/>
  <testcase classname="BingPackage.BingClass" name="search" time="2.52"/>
  <testcase classname="BingPackage.BingClass" name="search" time="2.643"/>
  <testcase classname="BingPackage.BingClass" name="search" time="2.635"/>
  <testcase classname="BingPackage.BingClass" name="search" time="1.797"/>
  <testcase classname="BingPackage.BingClass" name="search" time="2.947"/>
  <testcase classname="BingPackage.BingClass" name="search" time="2.594"/>
  <testcase classname="BingPackage.BingClass" name="search" time="2.253"/>
  <testcase classname="BingPackage.BingClass" name="search" time="1.762"/>
  <testcase classname="BingPackage.BingClass" name="search" time="2.431"/>
  <testcase classname="BingPackage.BingClass" name="search" time="2.312"/>
  <testcase classname="BingPackage.BingClass" name="search" time="2.232"/>
  <testcase classname="BingPackage.BingClass" name="search" time="1.677"/>
  <testcase classname="BingPackage.BingClass" name="search" time="2.439"/>
  <testcase classname="BingPackage.BingClass" name="search" time="1.889"/>
  <testcase classname="BingPackage.BingClass" name="search" time="2.16"/>
  <testcase classname="BingPackage.BingClass" name="search" time="1.848"/>
  <testcase classname="BingPackage.BingClass" name="search" time="1.612"/>
  <testcase classname="BingPackage.BingClass" name="search" time="2.58"/>
  <testcase classname="BingPackage.BingClass" name="search" time="2.002"/>
  <testcase classname="BingPackage.BingClass" name="search" time="1.471"/>
  <testcase classname="BingPackage.BingClass" name="search" time="1.724"/>
  <testcase classname="BingPackage.BingClass" name="search" time="2.658"/>
  <testcase classname="BingPackage.BingClass" name="search" time="1.692"/>
</testsuite> <!-- Default test -->
