<?xml version="1.0" encoding="UTF-8"?>
<testng-results ignored="0" total="35" passed="34" failed="1" skipped="0">
  <reporter-output>
  </reporter-output>
  <suite started-at="2023-03-03T10:13:51 EST" name="Practice Suite" finished-at="2023-03-03T10:14:58 EST" duration-ms="67819">
    <groups>
    </groups>
    <test started-at="2023-03-03T10:13:51 EST" name="Bing Web Search" finished-at="2023-03-03T10:14:58 EST" duration-ms="67819">
      <class name="BingPackage.BingClass">
        <test-method is-config="true" signature="openUrl(java.lang.String)[pri:0, instance:BingPackage.BingClass@7c711375]" started-at="2023-03-03T10:13:42 EST" name="openUrl" finished-at="2023-03-03T10:13:51 EST" duration-ms="8715" status="PASS">
          <params>
            <param index="0">
              <value>
                <![CDATA[https://www.bing.com/]]>
              </value>
            </param>
          </params>
          <reporter-output>
          </reporter-output>
        </test-method> <!-- openUrl -->
        <test-method signature="SignIn(java.lang.String,java.lang.String)[pri:1, instance:BingPackage.BingClass@7c711375]" started-at="2023-03-03T10:13:51 EST" name="SignIn" finished-at="2023-03-03T10:13:58 EST" duration-ms="7224" status="PASS">
          <params>
            <param index="0">
              <value>
                <![CDATA[srikathir124@gmail.com]]>
              </value>
            </param>
            <param index="1">
              <value>
                <![CDATA[]]>
              </value>
            </param>
          </params>
          <reporter-output>
          </reporter-output>
        </test-method> <!-- SignIn -->
        <test-method signature="Search()[pri:2, instance:BingPackage.BingClass@7c711375]" started-at="2023-03-03T10:13:58 EST" name="Search" finished-at="2023-03-03T10:13:59 EST" duration-ms="1225" status="FAIL">
          <exception class="org.openqa.selenium.ElementNotInteractableException">
            <message>
              <![CDATA[element not interactable
  (Session info: MicrosoftEdge=110.0.1587.57)
Build info: version: '4.8.0', revision: '267030adea'
System info: os.name: 'Windows 10', os.arch: 'amd64', os.version: '10.0', java.version: '17.0.4.1'
Driver info: org.openqa.selenium.edge.EdgeDriver
Command: [da248fd1e7b18aa93ba04171bde33a60, sendKeysToElement {id=1d7a3040-c551-440f-8719-e7fba9f2fdd6, value=[Ljava.lang.CharSequence;@61e3cf4d}]
Capabilities {acceptInsecureCerts: false, browserName: msedge, browserVersion: 110.0.1587.57, ms:edgeOptions: {debuggerAddress: localhost:58635}, msedge: {msedgedriverVersion: 110.0.1587.56 (65e63b43e03b..., userDataDir: C:\Users\SRKTRV~1\AppData\L...}, networkConnectionEnabled: false, pageLoadStrategy: normal, platformName: WINDOWS, proxy: Proxy(), se:cdp: ws://localhost:58635/devtoo..., se:cdpVersion: 110.0.1587.57, setWindowRect: true, strictFileInteractability: false, timeouts: {implicit: 0, pageLoad: 300000, script: 30000}, unhandledPromptBehavior: dismiss and notify, webauthn:extension:credBlob: true, webauthn:extension:largeBlob: true, webauthn:virtualAuthenticators: true}
Element: [[EdgeDriver: msedge on WINDOWS (da248fd1e7b18aa93ba04171bde33a60)] -> xpath: //textarea[@name='q']]
Session ID: da248fd1e7b18aa93ba04171bde33a60]]>
            </message>
            <full-stacktrace>
              <![CDATA[org.openqa.selenium.ElementNotInteractableException: element not interactable
  (Session info: MicrosoftEdge=110.0.1587.57)
Build info: version: '4.8.0', revision: '267030adea'
System info: os.name: 'Windows 10', os.arch: 'amd64', os.version: '10.0', java.version: '17.0.4.1'
Driver info: org.openqa.selenium.edge.EdgeDriver
Command: [da248fd1e7b18aa93ba04171bde33a60, sendKeysToElement {id=1d7a3040-c551-440f-8719-e7fba9f2fdd6, value=[Ljava.lang.CharSequence;@61e3cf4d}]
Capabilities {acceptInsecureCerts: false, browserName: msedge, browserVersion: 110.0.1587.57, ms:edgeOptions: {debuggerAddress: localhost:58635}, msedge: {msedgedriverVersion: 110.0.1587.56 (65e63b43e03b..., userDataDir: C:\Users\SRKTRV~1\AppData\L...}, networkConnectionEnabled: false, pageLoadStrategy: normal, platformName: WINDOWS, proxy: Proxy(), se:cdp: ws://localhost:58635/devtoo..., se:cdpVersion: 110.0.1587.57, setWindowRect: true, strictFileInteractability: false, timeouts: {implicit: 0, pageLoad: 300000, script: 30000}, unhandledPromptBehavior: dismiss and notify, webauthn:extension:credBlob: true, webauthn:extension:largeBlob: true, webauthn:virtualAuthenticators: true}
Element: [[EdgeDriver: msedge on WINDOWS (da248fd1e7b18aa93ba04171bde33a60)] -> xpath: //textarea[@name='q']]
Session ID: da248fd1e7b18aa93ba04171bde33a60
at java.base/jdk.internal.reflect.NativeConstructorAccessorImpl.newInstance0(Native Method)
at java.base/jdk.internal.reflect.NativeConstructorAccessorImpl.newInstance(NativeConstructorAccessorImpl.java:77)
at java.base/jdk.internal.reflect.DelegatingConstructorAccessorImpl.newInstance(DelegatingConstructorAccessorImpl.java:45)
at java.base/java.lang.reflect.Constructor.newInstanceWithCaller(Constructor.java:499)
at java.base/java.lang.reflect.Constructor.newInstance(Constructor.java:480)
at org.openqa.selenium.remote.codec.w3c.W3CHttpResponseCodec.createException(W3CHttpResponseCodec.java:200)
at org.openqa.selenium.remote.codec.w3c.W3CHttpResponseCodec.decode(W3CHttpResponseCodec.java:133)
at org.openqa.selenium.remote.codec.w3c.W3CHttpResponseCodec.decode(W3CHttpResponseCodec.java:53)
at org.openqa.selenium.remote.HttpCommandExecutor.execute(HttpCommandExecutor.java:184)
at org.openqa.selenium.remote.service.DriverCommandExecutor.invokeExecute(DriverCommandExecutor.java:167)
at org.openqa.selenium.remote.service.DriverCommandExecutor.execute(DriverCommandExecutor.java:142)
at org.openqa.selenium.remote.RemoteWebDriver.execute(RemoteWebDriver.java:543)
at org.openqa.selenium.remote.RemoteWebElement.execute(RemoteWebElement.java:257)
at org.openqa.selenium.remote.RemoteWebElement.sendKeys(RemoteWebElement.java:113)
at BingPackage.BingClass.Search(BingClass.java:45)
at java.base/jdk.internal.reflect.NativeMethodAccessorImpl.invoke0(Native Method)
at java.base/jdk.internal.reflect.NativeMethodAccessorImpl.invoke(NativeMethodAccessorImpl.java:77)
at java.base/jdk.internal.reflect.DelegatingMethodAccessorImpl.invoke(DelegatingMethodAccessorImpl.java:43)
at java.base/java.lang.reflect.Method.invoke(Method.java:568)
at org.testng.internal.MethodInvocationHelper.invokeMethod(MethodInvocationHelper.java:133)
at org.testng.internal.TestInvoker.invokeMethod(TestInvoker.java:598)
at org.testng.internal.TestInvoker.invokeTestMethod(TestInvoker.java:173)
at org.testng.internal.MethodRunner.runInSequence(MethodRunner.java:46)
at org.testng.internal.TestInvoker$MethodInvocationAgent.invoke(TestInvoker.java:824)
at org.testng.internal.TestInvoker.invokeTestMethods(TestInvoker.java:146)
at org.testng.internal.TestMethodWorker.invokeTestMethods(TestMethodWorker.java:146)
at org.testng.internal.TestMethodWorker.run(TestMethodWorker.java:128)
at java.base/java.util.ArrayList.forEach(ArrayList.java:1511)
at org.testng.TestRunner.privateRun(TestRunner.java:794)
at org.testng.TestRunner.run(TestRunner.java:596)
at org.testng.SuiteRunner.runTest(SuiteRunner.java:377)
at org.testng.SuiteRunner.runSequentially(SuiteRunner.java:371)
at org.testng.SuiteRunner.privateRun(SuiteRunner.java:332)
at org.testng.SuiteRunner.run(SuiteRunner.java:276)
at org.testng.SuiteRunnerWorker.runSuite(SuiteRunnerWorker.java:53)
at org.testng.SuiteRunnerWorker.run(SuiteRunnerWorker.java:96)
at org.testng.TestNG.runSuitesSequentially(TestNG.java:1212)
at org.testng.TestNG.runSuitesLocally(TestNG.java:1134)
at org.testng.TestNG.runSuites(TestNG.java:1063)
at org.testng.TestNG.run(TestNG.java:1031)
at org.testng.remote.AbstractRemoteTestNG.run(AbstractRemoteTestNG.java:115)
at org.testng.remote.RemoteTestNG.initAndRun(RemoteTestNG.java:251)
at org.testng.remote.RemoteTestNG.main(RemoteTestNG.java:77)
]]>
            </full-stacktrace>
          </exception> <!-- org.openqa.selenium.ElementNotInteractableException -->
          <reporter-output>
          </reporter-output>
        </test-method> <!-- Search -->
        <test-method signature="Search()[pri:2, instance:BingPackage.BingClass@7c711375]" started-at="2023-03-03T10:13:59 EST" name="Search" finished-at="2023-03-03T10:14:01 EST" duration-ms="1436" status="PASS">
          <reporter-output>
          </reporter-output>
        </test-method> <!-- Search -->
        <test-method signature="Search()[pri:2, instance:BingPackage.BingClass@7c711375]" started-at="2023-03-03T10:14:01 EST" name="Search" finished-at="2023-03-03T10:14:02 EST" duration-ms="1614" status="PASS">
          <reporter-output>
          </reporter-output>
        </test-method> <!-- Search -->
        <test-method signature="Search()[pri:2, instance:BingPackage.BingClass@7c711375]" started-at="2023-03-03T10:14:02 EST" name="Search" finished-at="2023-03-03T10:14:04 EST" duration-ms="2013" status="PASS">
          <reporter-output>
          </reporter-output>
        </test-method> <!-- Search -->
        <test-method signature="Search()[pri:2, instance:BingPackage.BingClass@7c711375]" started-at="2023-03-03T10:14:04 EST" name="Search" finished-at="2023-03-03T10:14:06 EST" duration-ms="1989" status="PASS">
          <reporter-output>
          </reporter-output>
        </test-method> <!-- Search -->
        <test-method signature="Search()[pri:2, instance:BingPackage.BingClass@7c711375]" started-at="2023-03-03T10:14:06 EST" name="Search" finished-at="2023-03-03T10:14:10 EST" duration-ms="4227" status="PASS">
          <reporter-output>
          </reporter-output>
        </test-method> <!-- Search -->
        <test-method signature="Search()[pri:2, instance:BingPackage.BingClass@7c711375]" started-at="2023-03-03T10:14:10 EST" name="Search" finished-at="2023-03-03T10:14:12 EST" duration-ms="1636" status="PASS">
          <reporter-output>
          </reporter-output>
        </test-method> <!-- Search -->
        <test-method signature="Search()[pri:2, instance:BingPackage.BingClass@7c711375]" started-at="2023-03-03T10:14:12 EST" name="Search" finished-at="2023-03-03T10:14:14 EST" duration-ms="1737" status="PASS">
          <reporter-output>
          </reporter-output>
        </test-method> <!-- Search -->
        <test-method signature="Search()[pri:2, instance:BingPackage.BingClass@7c711375]" started-at="2023-03-03T10:14:14 EST" name="Search" finished-at="2023-03-03T10:14:15 EST" duration-ms="1549" status="PASS">
          <reporter-output>
          </reporter-output>
        </test-method> <!-- Search -->
        <test-method signature="Search()[pri:2, instance:BingPackage.BingClass@7c711375]" started-at="2023-03-03T10:14:15 EST" name="Search" finished-at="2023-03-03T10:14:17 EST" duration-ms="1575" status="PASS">
          <reporter-output>
          </reporter-output>
        </test-method> <!-- Search -->
        <test-method signature="Search()[pri:2, instance:BingPackage.BingClass@7c711375]" started-at="2023-03-03T10:14:17 EST" name="Search" finished-at="2023-03-03T10:14:19 EST" duration-ms="1995" status="PASS">
          <reporter-output>
          </reporter-output>
        </test-method> <!-- Search -->
        <test-method signature="Search()[pri:2, instance:BingPackage.BingClass@7c711375]" started-at="2023-03-03T10:14:19 EST" name="Search" finished-at="2023-03-03T10:14:21 EST" duration-ms="1616" status="PASS">
          <reporter-output>
          </reporter-output>
        </test-method> <!-- Search -->
        <test-method signature="Search()[pri:2, instance:BingPackage.BingClass@7c711375]" started-at="2023-03-03T10:14:21 EST" name="Search" finished-at="2023-03-03T10:14:22 EST" duration-ms="1604" status="PASS">
          <reporter-output>
          </reporter-output>
        </test-method> <!-- Search -->
        <test-method signature="Search()[pri:2, instance:BingPackage.BingClass@7c711375]" started-at="2023-03-03T10:14:22 EST" name="Search" finished-at="2023-03-03T10:14:24 EST" duration-ms="1866" status="PASS">
          <reporter-output>
          </reporter-output>
        </test-method> <!-- Search -->
        <test-method signature="Search()[pri:2, instance:BingPackage.BingClass@7c711375]" started-at="2023-03-03T10:14:24 EST" name="Search" finished-at="2023-03-03T10:14:26 EST" duration-ms="2038" status="PASS">
          <reporter-output>
          </reporter-output>
        </test-method> <!-- Search -->
        <test-method signature="Search()[pri:2, instance:BingPackage.BingClass@7c711375]" started-at="2023-03-03T10:14:26 EST" name="Search" finished-at="2023-03-03T10:14:28 EST" duration-ms="2331" status="PASS">
          <reporter-output>
          </reporter-output>
        </test-method> <!-- Search -->
        <test-method signature="Search()[pri:2, instance:BingPackage.BingClass@7c711375]" started-at="2023-03-03T10:14:28 EST" name="Search" finished-at="2023-03-03T10:14:30 EST" duration-ms="1599" status="PASS">
          <reporter-output>
          </reporter-output>
        </test-method> <!-- Search -->
        <test-method signature="Search()[pri:2, instance:BingPackage.BingClass@7c711375]" started-at="2023-03-03T10:14:30 EST" name="Search" finished-at="2023-03-03T10:14:32 EST" duration-ms="1691" status="PASS">
          <reporter-output>
          </reporter-output>
        </test-method> <!-- Search -->
        <test-method signature="Search()[pri:2, instance:BingPackage.BingClass@7c711375]" started-at="2023-03-03T10:14:32 EST" name="Search" finished-at="2023-03-03T10:14:34 EST" duration-ms="1811" status="PASS">
          <reporter-output>
          </reporter-output>
        </test-method> <!-- Search -->
        <test-method signature="Search()[pri:2, instance:BingPackage.BingClass@7c711375]" started-at="2023-03-03T10:14:34 EST" name="Search" finished-at="2023-03-03T10:14:35 EST" duration-ms="1637" status="PASS">
          <reporter-output>
          </reporter-output>
        </test-method> <!-- Search -->
        <test-method signature="Search()[pri:2, instance:BingPackage.BingClass@7c711375]" started-at="2023-03-03T10:14:35 EST" name="Search" finished-at="2023-03-03T10:14:37 EST" duration-ms="1861" status="PASS">
          <reporter-output>
          </reporter-output>
        </test-method> <!-- Search -->
        <test-method signature="Search()[pri:2, instance:BingPackage.BingClass@7c711375]" started-at="2023-03-03T10:14:37 EST" name="Search" finished-at="2023-03-03T10:14:39 EST" duration-ms="1719" status="PASS">
          <reporter-output>
          </reporter-output>
        </test-method> <!-- Search -->
        <test-method signature="Search()[pri:2, instance:BingPackage.BingClass@7c711375]" started-at="2023-03-03T10:14:39 EST" name="Search" finished-at="2023-03-03T10:14:41 EST" duration-ms="1777" status="PASS">
          <reporter-output>
          </reporter-output>
        </test-method> <!-- Search -->
        <test-method signature="Search()[pri:2, instance:BingPackage.BingClass@7c711375]" started-at="2023-03-03T10:14:41 EST" name="Search" finished-at="2023-03-03T10:14:42 EST" duration-ms="1525" status="PASS">
          <reporter-output>
          </reporter-output>
        </test-method> <!-- Search -->
        <test-method signature="Search()[pri:2, instance:BingPackage.BingClass@7c711375]" started-at="2023-03-03T10:14:42 EST" name="Search" finished-at="2023-03-03T10:14:44 EST" duration-ms="1537" status="PASS">
          <reporter-output>
          </reporter-output>
        </test-method> <!-- Search -->
        <test-method signature="Search()[pri:2, instance:BingPackage.BingClass@7c711375]" started-at="2023-03-03T10:14:44 EST" name="Search" finished-at="2023-03-03T10:14:45 EST" duration-ms="1764" status="PASS">
          <reporter-output>
          </reporter-output>
        </test-method> <!-- Search -->
        <test-method signature="Search()[pri:2, instance:BingPackage.BingClass@7c711375]" started-at="2023-03-03T10:14:45 EST" name="Search" finished-at="2023-03-03T10:14:47 EST" duration-ms="1684" status="PASS">
          <reporter-output>
          </reporter-output>
        </test-method> <!-- Search -->
        <test-method signature="Search()[pri:2, instance:BingPackage.BingClass@7c711375]" started-at="2023-03-03T10:14:47 EST" name="Search" finished-at="2023-03-03T10:14:49 EST" duration-ms="1576" status="PASS">
          <reporter-output>
          </reporter-output>
        </test-method> <!-- Search -->
        <test-method signature="Search()[pri:2, instance:BingPackage.BingClass@7c711375]" started-at="2023-03-03T10:14:49 EST" name="Search" finished-at="2023-03-03T10:14:50 EST" duration-ms="1646" status="PASS">
          <reporter-output>
          </reporter-output>
        </test-method> <!-- Search -->
        <test-method signature="Search()[pri:2, instance:BingPackage.BingClass@7c711375]" started-at="2023-03-03T10:14:50 EST" name="Search" finished-at="2023-03-03T10:14:52 EST" duration-ms="1620" status="PASS">
          <reporter-output>
          </reporter-output>
        </test-method> <!-- Search -->
        <test-method signature="Search()[pri:2, instance:BingPackage.BingClass@7c711375]" started-at="2023-03-03T10:14:52 EST" name="Search" finished-at="2023-03-03T10:14:53 EST" duration-ms="1395" status="PASS">
          <reporter-output>
          </reporter-output>
        </test-method> <!-- Search -->
        <test-method signature="Search()[pri:2, instance:BingPackage.BingClass@7c711375]" started-at="2023-03-03T10:14:53 EST" name="Search" finished-at="2023-03-03T10:14:55 EST" duration-ms="1690" status="PASS">
          <reporter-output>
          </reporter-output>
        </test-method> <!-- Search -->
        <test-method signature="Search()[pri:2, instance:BingPackage.BingClass@7c711375]" started-at="2023-03-03T10:14:55 EST" name="Search" finished-at="2023-03-03T10:14:57 EST" duration-ms="1827" status="PASS">
          <reporter-output>
          </reporter-output>
        </test-method> <!-- Search -->
        <test-method signature="Search()[pri:2, instance:BingPackage.BingClass@7c711375]" started-at="2023-03-03T10:14:57 EST" name="Search" finished-at="2023-03-03T10:14:58 EST" duration-ms="1628" status="PASS">
          <reporter-output>
          </reporter-output>
        </test-method> <!-- Search -->
        <test-method is-config="true" signature="closeBrowser()[pri:0, instance:BingPackage.BingClass@7c711375]" started-at="2023-03-03T10:14:59 EST" name="closeBrowser" finished-at="2023-03-03T10:15:00 EST" duration-ms="972" status="PASS">
          <reporter-output>
          </reporter-output>
        </test-method> <!-- closeBrowser -->
      </class> <!-- BingPackage.BingClass -->
    </test> <!-- Bing Web Search -->
  </suite> <!-- Practice Suite -->
</testng-results>
