<?xml version="1.0" encoding="UTF-8"?>
<testng-results ignored="0" total="35" passed="34" failed="1" skipped="0">
  <reporter-output>
  </reporter-output>
  <suite started-at="2023-03-02T01:45:24 EST" name="Practice Suite" finished-at="2023-03-02T01:46:30 EST" duration-ms="65901">
    <groups>
    </groups>
    <test started-at="2023-03-02T01:45:24 EST" name="Bing Web Search" finished-at="2023-03-02T01:46:30 EST" duration-ms="65901">
      <class name="BingPackage.BingClass">
        <test-method is-config="true" signature="openUrl(java.lang.String)[pri:0, instance:BingPackage.BingClass@7c711375]" started-at="2023-03-02T01:45:15 EST" name="openUrl" finished-at="2023-03-02T01:45:24 EST" duration-ms="8808" status="PASS">
          <params>
            <param index="0">
              <value>
                <![CDATA[https://www.bing.com/]]>
              </value>
            </param>
          </params>
          <reporter-output>
          </reporter-output>
        </test-method> <!-- openUrl -->
        <test-method signature="SignIn(java.lang.String,java.lang.String)[pri:1, instance:BingPackage.BingClass@7c711375]" started-at="2023-03-02T01:45:24 EST" name="SignIn" finished-at="2023-03-02T01:45:32 EST" duration-ms="7261" status="PASS">
          <params>
            <param index="0">
              <value>
                <![CDATA[srikathir124@gmail.com]]>
              </value>
            </param>
            <param index="1">
              <value>
                <![CDATA[]]>
              </value>
            </param>
          </params>
          <reporter-output>
          </reporter-output>
        </test-method> <!-- SignIn -->
        <test-method signature="Search()[pri:2, instance:BingPackage.BingClass@7c711375]" started-at="2023-03-02T01:45:32 EST" name="Search" finished-at="2023-03-02T01:45:33 EST" duration-ms="1223" status="FAIL">
          <exception class="org.openqa.selenium.ElementNotInteractableException">
            <message>
              <![CDATA[element not interactable
  (Session info: MicrosoftEdge=110.0.1587.57)
Build info: version: '4.8.0', revision: '267030adea'
System info: os.name: 'Windows 10', os.arch: 'amd64', os.version: '10.0', java.version: '17.0.4.1'
Driver info: org.openqa.selenium.edge.EdgeDriver
Command: [7bd8fca1b8f77cf3114d618a1264f300, sendKeysToElement {id=6d6ea3d9-f7da-418e-a5d7-7383bb5427bc, value=[Ljava.lang.CharSequence;@627d8516}]
Capabilities {acceptInsecureCerts: false, browserName: msedge, browserVersion: 110.0.1587.57, ms:edgeOptions: {debuggerAddress: localhost:61113}, msedge: {msedgedriverVersion: 110.0.1587.56 (65e63b43e03b..., userDataDir: C:\Users\SRKTRV~1\AppData\L...}, networkConnectionEnabled: false, pageLoadStrategy: normal, platformName: WINDOWS, proxy: Proxy(), se:cdp: ws://localhost:61113/devtoo..., se:cdpVersion: 110.0.1587.57, setWindowRect: true, strictFileInteractability: false, timeouts: {implicit: 0, pageLoad: 300000, script: 30000}, unhandledPromptBehavior: dismiss and notify, webauthn:extension:credBlob: true, webauthn:extension:largeBlob: true, webauthn:virtualAuthenticators: true}
Element: [[EdgeDriver: msedge on WINDOWS (7bd8fca1b8f77cf3114d618a1264f300)] -> xpath: //textarea[@name='q']]
Session ID: 7bd8fca1b8f77cf3114d618a1264f300]]>
            </message>
            <full-stacktrace>
              <![CDATA[org.openqa.selenium.ElementNotInteractableException: element not interactable
  (Session info: MicrosoftEdge=110.0.1587.57)
Build info: version: '4.8.0', revision: '267030adea'
System info: os.name: 'Windows 10', os.arch: 'amd64', os.version: '10.0', java.version: '17.0.4.1'
Driver info: org.openqa.selenium.edge.EdgeDriver
Command: [7bd8fca1b8f77cf3114d618a1264f300, sendKeysToElement {id=6d6ea3d9-f7da-418e-a5d7-7383bb5427bc, value=[Ljava.lang.CharSequence;@627d8516}]
Capabilities {acceptInsecureCerts: false, browserName: msedge, browserVersion: 110.0.1587.57, ms:edgeOptions: {debuggerAddress: localhost:61113}, msedge: {msedgedriverVersion: 110.0.1587.56 (65e63b43e03b..., userDataDir: C:\Users\SRKTRV~1\AppData\L...}, networkConnectionEnabled: false, pageLoadStrategy: normal, platformName: WINDOWS, proxy: Proxy(), se:cdp: ws://localhost:61113/devtoo..., se:cdpVersion: 110.0.1587.57, setWindowRect: true, strictFileInteractability: false, timeouts: {implicit: 0, pageLoad: 300000, script: 30000}, unhandledPromptBehavior: dismiss and notify, webauthn:extension:credBlob: true, webauthn:extension:largeBlob: true, webauthn:virtualAuthenticators: true}
Element: [[EdgeDriver: msedge on WINDOWS (7bd8fca1b8f77cf3114d618a1264f300)] -> xpath: //textarea[@name='q']]
Session ID: 7bd8fca1b8f77cf3114d618a1264f300
at java.base/jdk.internal.reflect.NativeConstructorAccessorImpl.newInstance0(Native Method)
at java.base/jdk.internal.reflect.NativeConstructorAccessorImpl.newInstance(NativeConstructorAccessorImpl.java:77)
at java.base/jdk.internal.reflect.DelegatingConstructorAccessorImpl.newInstance(DelegatingConstructorAccessorImpl.java:45)
at java.base/java.lang.reflect.Constructor.newInstanceWithCaller(Constructor.java:499)
at java.base/java.lang.reflect.Constructor.newInstance(Constructor.java:480)
at org.openqa.selenium.remote.codec.w3c.W3CHttpResponseCodec.createException(W3CHttpResponseCodec.java:200)
at org.openqa.selenium.remote.codec.w3c.W3CHttpResponseCodec.decode(W3CHttpResponseCodec.java:133)
at org.openqa.selenium.remote.codec.w3c.W3CHttpResponseCodec.decode(W3CHttpResponseCodec.java:53)
at org.openqa.selenium.remote.HttpCommandExecutor.execute(HttpCommandExecutor.java:184)
at org.openqa.selenium.remote.service.DriverCommandExecutor.invokeExecute(DriverCommandExecutor.java:167)
at org.openqa.selenium.remote.service.DriverCommandExecutor.execute(DriverCommandExecutor.java:142)
at org.openqa.selenium.remote.RemoteWebDriver.execute(RemoteWebDriver.java:543)
at org.openqa.selenium.remote.RemoteWebElement.execute(RemoteWebElement.java:257)
at org.openqa.selenium.remote.RemoteWebElement.sendKeys(RemoteWebElement.java:113)
at BingPackage.BingClass.Search(BingClass.java:45)
at java.base/jdk.internal.reflect.NativeMethodAccessorImpl.invoke0(Native Method)
at java.base/jdk.internal.reflect.NativeMethodAccessorImpl.invoke(NativeMethodAccessorImpl.java:77)
at java.base/jdk.internal.reflect.DelegatingMethodAccessorImpl.invoke(DelegatingMethodAccessorImpl.java:43)
at java.base/java.lang.reflect.Method.invoke(Method.java:568)
at org.testng.internal.MethodInvocationHelper.invokeMethod(MethodInvocationHelper.java:133)
at org.testng.internal.TestInvoker.invokeMethod(TestInvoker.java:598)
at org.testng.internal.TestInvoker.invokeTestMethod(TestInvoker.java:173)
at org.testng.internal.MethodRunner.runInSequence(MethodRunner.java:46)
at org.testng.internal.TestInvoker$MethodInvocationAgent.invoke(TestInvoker.java:824)
at org.testng.internal.TestInvoker.invokeTestMethods(TestInvoker.java:146)
at org.testng.internal.TestMethodWorker.invokeTestMethods(TestMethodWorker.java:146)
at org.testng.internal.TestMethodWorker.run(TestMethodWorker.java:128)
at java.base/java.util.ArrayList.forEach(ArrayList.java:1511)
at org.testng.TestRunner.privateRun(TestRunner.java:794)
at org.testng.TestRunner.run(TestRunner.java:596)
at org.testng.SuiteRunner.runTest(SuiteRunner.java:377)
at org.testng.SuiteRunner.runSequentially(SuiteRunner.java:371)
at org.testng.SuiteRunner.privateRun(SuiteRunner.java:332)
at org.testng.SuiteRunner.run(SuiteRunner.java:276)
at org.testng.SuiteRunnerWorker.runSuite(SuiteRunnerWorker.java:53)
at org.testng.SuiteRunnerWorker.run(SuiteRunnerWorker.java:96)
at org.testng.TestNG.runSuitesSequentially(TestNG.java:1212)
at org.testng.TestNG.runSuitesLocally(TestNG.java:1134)
at org.testng.TestNG.runSuites(TestNG.java:1063)
at org.testng.TestNG.run(TestNG.java:1031)
at org.testng.remote.AbstractRemoteTestNG.run(AbstractRemoteTestNG.java:115)
at org.testng.remote.RemoteTestNG.initAndRun(RemoteTestNG.java:251)
at org.testng.remote.RemoteTestNG.main(RemoteTestNG.java:77)
]]>
            </full-stacktrace>
          </exception> <!-- org.openqa.selenium.ElementNotInteractableException -->
          <reporter-output>
          </reporter-output>
        </test-method> <!-- Search -->
        <test-method signature="Search()[pri:2, instance:BingPackage.BingClass@7c711375]" started-at="2023-03-02T01:45:33 EST" name="Search" finished-at="2023-03-02T01:45:33 EST" duration-ms="619" status="PASS">
          <reporter-output>
          </reporter-output>
        </test-method> <!-- Search -->
        <test-method signature="Search()[pri:2, instance:BingPackage.BingClass@7c711375]" started-at="2023-03-02T01:45:33 EST" name="Search" finished-at="2023-03-02T01:45:35 EST" duration-ms="1420" status="PASS">
          <reporter-output>
          </reporter-output>
        </test-method> <!-- Search -->
        <test-method signature="Search()[pri:2, instance:BingPackage.BingClass@7c711375]" started-at="2023-03-02T01:45:35 EST" name="Search" finished-at="2023-03-02T01:45:37 EST" duration-ms="1672" status="PASS">
          <reporter-output>
          </reporter-output>
        </test-method> <!-- Search -->
        <test-method signature="Search()[pri:2, instance:BingPackage.BingClass@7c711375]" started-at="2023-03-02T01:45:37 EST" name="Search" finished-at="2023-03-02T01:45:38 EST" duration-ms="1909" status="PASS">
          <reporter-output>
          </reporter-output>
        </test-method> <!-- Search -->
        <test-method signature="Search()[pri:2, instance:BingPackage.BingClass@7c711375]" started-at="2023-03-02T01:45:38 EST" name="Search" finished-at="2023-03-02T01:45:40 EST" duration-ms="1656" status="PASS">
          <reporter-output>
          </reporter-output>
        </test-method> <!-- Search -->
        <test-method signature="Search()[pri:2, instance:BingPackage.BingClass@7c711375]" started-at="2023-03-02T01:45:40 EST" name="Search" finished-at="2023-03-02T01:45:42 EST" duration-ms="1513" status="PASS">
          <reporter-output>
          </reporter-output>
        </test-method> <!-- Search -->
        <test-method signature="Search()[pri:2, instance:BingPackage.BingClass@7c711375]" started-at="2023-03-02T01:45:42 EST" name="Search" finished-at="2023-03-02T01:45:43 EST" duration-ms="1303" status="PASS">
          <reporter-output>
          </reporter-output>
        </test-method> <!-- Search -->
        <test-method signature="Search()[pri:2, instance:BingPackage.BingClass@7c711375]" started-at="2023-03-02T01:45:43 EST" name="Search" finished-at="2023-03-02T01:45:45 EST" duration-ms="1628" status="PASS">
          <reporter-output>
          </reporter-output>
        </test-method> <!-- Search -->
        <test-method signature="Search()[pri:2, instance:BingPackage.BingClass@7c711375]" started-at="2023-03-02T01:45:45 EST" name="Search" finished-at="2023-03-02T01:45:46 EST" duration-ms="1460" status="PASS">
          <reporter-output>
          </reporter-output>
        </test-method> <!-- Search -->
        <test-method signature="Search()[pri:2, instance:BingPackage.BingClass@7c711375]" started-at="2023-03-02T01:45:46 EST" name="Search" finished-at="2023-03-02T01:45:49 EST" duration-ms="2534" status="PASS">
          <reporter-output>
          </reporter-output>
        </test-method> <!-- Search -->
        <test-method signature="Search()[pri:2, instance:BingPackage.BingClass@7c711375]" started-at="2023-03-02T01:45:49 EST" name="Search" finished-at="2023-03-02T01:45:50 EST" duration-ms="1860" status="PASS">
          <reporter-output>
          </reporter-output>
        </test-method> <!-- Search -->
        <test-method signature="Search()[pri:2, instance:BingPackage.BingClass@7c711375]" started-at="2023-03-02T01:45:50 EST" name="Search" finished-at="2023-03-02T01:45:52 EST" duration-ms="1879" status="PASS">
          <reporter-output>
          </reporter-output>
        </test-method> <!-- Search -->
        <test-method signature="Search()[pri:2, instance:BingPackage.BingClass@7c711375]" started-at="2023-03-02T01:45:52 EST" name="Search" finished-at="2023-03-02T01:45:54 EST" duration-ms="2132" status="PASS">
          <reporter-output>
          </reporter-output>
        </test-method> <!-- Search -->
        <test-method signature="Search()[pri:2, instance:BingPackage.BingClass@7c711375]" started-at="2023-03-02T01:45:54 EST" name="Search" finished-at="2023-03-02T01:45:56 EST" duration-ms="1782" status="PASS">
          <reporter-output>
          </reporter-output>
        </test-method> <!-- Search -->
        <test-method signature="Search()[pri:2, instance:BingPackage.BingClass@7c711375]" started-at="2023-03-02T01:45:56 EST" name="Search" finished-at="2023-03-02T01:45:58 EST" duration-ms="1570" status="PASS">
          <reporter-output>
          </reporter-output>
        </test-method> <!-- Search -->
        <test-method signature="Search()[pri:2, instance:BingPackage.BingClass@7c711375]" started-at="2023-03-02T01:45:58 EST" name="Search" finished-at="2023-03-02T01:46:00 EST" duration-ms="1883" status="PASS">
          <reporter-output>
          </reporter-output>
        </test-method> <!-- Search -->
        <test-method signature="Search()[pri:2, instance:BingPackage.BingClass@7c711375]" started-at="2023-03-02T01:46:00 EST" name="Search" finished-at="2023-03-02T01:46:01 EST" duration-ms="1507" status="PASS">
          <reporter-output>
          </reporter-output>
        </test-method> <!-- Search -->
        <test-method signature="Search()[pri:2, instance:BingPackage.BingClass@7c711375]" started-at="2023-03-02T01:46:01 EST" name="Search" finished-at="2023-03-02T01:46:03 EST" duration-ms="1570" status="PASS">
          <reporter-output>
          </reporter-output>
        </test-method> <!-- Search -->
        <test-method signature="Search()[pri:2, instance:BingPackage.BingClass@7c711375]" started-at="2023-03-02T01:46:03 EST" name="Search" finished-at="2023-03-02T01:46:04 EST" duration-ms="1601" status="PASS">
          <reporter-output>
          </reporter-output>
        </test-method> <!-- Search -->
        <test-method signature="Search()[pri:2, instance:BingPackage.BingClass@7c711375]" started-at="2023-03-02T01:46:04 EST" name="Search" finished-at="2023-03-02T01:46:06 EST" duration-ms="1752" status="PASS">
          <reporter-output>
          </reporter-output>
        </test-method> <!-- Search -->
        <test-method signature="Search()[pri:2, instance:BingPackage.BingClass@7c711375]" started-at="2023-03-02T01:46:06 EST" name="Search" finished-at="2023-03-02T01:46:08 EST" duration-ms="1733" status="PASS">
          <reporter-output>
          </reporter-output>
        </test-method> <!-- Search -->
        <test-method signature="Search()[pri:2, instance:BingPackage.BingClass@7c711375]" started-at="2023-03-02T01:46:08 EST" name="Search" finished-at="2023-03-02T01:46:10 EST" duration-ms="1780" status="PASS">
          <reporter-output>
          </reporter-output>
        </test-method> <!-- Search -->
        <test-method signature="Search()[pri:2, instance:BingPackage.BingClass@7c711375]" started-at="2023-03-02T01:46:10 EST" name="Search" finished-at="2023-03-02T01:46:11 EST" duration-ms="1821" status="PASS">
          <reporter-output>
          </reporter-output>
        </test-method> <!-- Search -->
        <test-method signature="Search()[pri:2, instance:BingPackage.BingClass@7c711375]" started-at="2023-03-02T01:46:11 EST" name="Search" finished-at="2023-03-02T01:46:13 EST" duration-ms="1687" status="PASS">
          <reporter-output>
          </reporter-output>
        </test-method> <!-- Search -->
        <test-method signature="Search()[pri:2, instance:BingPackage.BingClass@7c711375]" started-at="2023-03-02T01:46:13 EST" name="Search" finished-at="2023-03-02T01:46:15 EST" duration-ms="1552" status="PASS">
          <reporter-output>
          </reporter-output>
        </test-method> <!-- Search -->
        <test-method signature="Search()[pri:2, instance:BingPackage.BingClass@7c711375]" started-at="2023-03-02T01:46:15 EST" name="Search" finished-at="2023-03-02T01:46:16 EST" duration-ms="1655" status="PASS">
          <reporter-output>
          </reporter-output>
        </test-method> <!-- Search -->
        <test-method signature="Search()[pri:2, instance:BingPackage.BingClass@7c711375]" started-at="2023-03-02T01:46:16 EST" name="Search" finished-at="2023-03-02T01:46:19 EST" duration-ms="2603" status="PASS">
          <reporter-output>
          </reporter-output>
        </test-method> <!-- Search -->
        <test-method signature="Search()[pri:2, instance:BingPackage.BingClass@7c711375]" started-at="2023-03-02T01:46:19 EST" name="Search" finished-at="2023-03-02T01:46:21 EST" duration-ms="1526" status="PASS">
          <reporter-output>
          </reporter-output>
        </test-method> <!-- Search -->
        <test-method signature="Search()[pri:2, instance:BingPackage.BingClass@7c711375]" started-at="2023-03-02T01:46:21 EST" name="Search" finished-at="2023-03-02T01:46:23 EST" duration-ms="2095" status="PASS">
          <reporter-output>
          </reporter-output>
        </test-method> <!-- Search -->
        <test-method signature="Search()[pri:2, instance:BingPackage.BingClass@7c711375]" started-at="2023-03-02T01:46:23 EST" name="Search" finished-at="2023-03-02T01:46:25 EST" duration-ms="2534" status="PASS">
          <reporter-output>
          </reporter-output>
        </test-method> <!-- Search -->
        <test-method signature="Search()[pri:2, instance:BingPackage.BingClass@7c711375]" started-at="2023-03-02T01:46:25 EST" name="Search" finished-at="2023-03-02T01:46:27 EST" duration-ms="1714" status="PASS">
          <reporter-output>
          </reporter-output>
        </test-method> <!-- Search -->
        <test-method signature="Search()[pri:2, instance:BingPackage.BingClass@7c711375]" started-at="2023-03-02T01:46:27 EST" name="Search" finished-at="2023-03-02T01:46:28 EST" duration-ms="1618" status="PASS">
          <reporter-output>
          </reporter-output>
        </test-method> <!-- Search -->
        <test-method signature="Search()[pri:2, instance:BingPackage.BingClass@7c711375]" started-at="2023-03-02T01:46:28 EST" name="Search" finished-at="2023-03-02T01:46:30 EST" duration-ms="1668" status="PASS">
          <reporter-output>
          </reporter-output>
        </test-method> <!-- Search -->
        <test-method is-config="true" signature="closeBrowser()[pri:0, instance:BingPackage.BingClass@7c711375]" started-at="2023-03-02T01:46:30 EST" name="closeBrowser" finished-at="2023-03-02T01:46:31 EST" duration-ms="1090" status="PASS">
          <reporter-output>
          </reporter-output>
        </test-method> <!-- closeBrowser -->
      </class> <!-- BingPackage.BingClass -->
    </test> <!-- Bing Web Search -->
  </suite> <!-- Practice Suite -->
</testng-results>
