<?xml version="1.0" encoding="UTF-8"?>
<!-- Generated by org.testng.reporters.JUnitXMLReporter -->
<testsuite ignored="0" hostname="QPaaSICNV5479" failures="1" tests="35" name="Bing Web Search" time="67.819" errors="0" timestamp="2023-03-03T10:14:59 EST">
  <testcase classname="BingPackage.BingClass" name="SignIn" time="7.224"/>
  <testcase classname="BingPackage.BingClass" name="Search" time="1.225">
    <failure type="org.openqa.selenium.ElementNotInteractableException" message="element not interactable
  (Session info: MicrosoftEdge=110.0.1587.57)
Build info: version: &amp;apos;4.8.0&amp;apos;, revision: &amp;apos;267030adea&amp;apos;
System info: os.name: &amp;apos;Windows 10&amp;apos;, os.arch: &amp;apos;amd64&amp;apos;, os.version: &amp;apos;10.0&amp;apos;, java.version: &amp;apos;17.0.4.1&amp;apos;
Driver info: org.openqa.selenium.edge.EdgeDriver
Command: [da248fd1e7b18aa93ba04171bde33a60, sendKeysToElement {id=1d7a3040-c551-440f-8719-e7fba9f2fdd6, value=[Ljava.lang.CharSequence;@61e3cf4d}]
Capabilities {acceptInsecureCerts: false, browserName: msedge, browserVersion: 110.0.1587.57, ms:edgeOptions: {debuggerAddress: localhost:58635}, msedge: {msedgedriverVersion: 110.0.1587.56 (65e63b43e03b..., userDataDir: C:\Users\SRKTRV~1\AppData\L...}, networkConnectionEnabled: false, pageLoadStrategy: normal, platformName: WINDOWS, proxy: Proxy(), se:cdp: ws://localhost:58635/devtoo..., se:cdpVersion: 110.0.1587.57, setWindowRect: true, strictFileInteractability: false, timeouts: {implicit: 0, pageLoad: 300000, script: 30000}, unhandledPromptBehavior: dismiss and notify, webauthn:extension:credBlob: true, webauthn:extension:largeBlob: true, webauthn:virtualAuthenticators: true}
Element: [[EdgeDriver: msedge on WINDOWS (da248fd1e7b18aa93ba04171bde33a60)] -&amp;gt; xpath: //textarea[@name=&amp;apos;q&amp;apos;]]
Session ID: da248fd1e7b18aa93ba04171bde33a60">
      <![CDATA[org.openqa.selenium.ElementNotInteractableException: element not interactable
  (Session info: MicrosoftEdge=110.0.1587.57)
Build info: version: '4.8.0', revision: '267030adea'
System info: os.name: 'Windows 10', os.arch: 'amd64', os.version: '10.0', java.version: '17.0.4.1'
Driver info: org.openqa.selenium.edge.EdgeDriver
Command: [da248fd1e7b18aa93ba04171bde33a60, sendKeysToElement {id=1d7a3040-c551-440f-8719-e7fba9f2fdd6, value=[Ljava.lang.CharSequence;@61e3cf4d}]
Capabilities {acceptInsecureCerts: false, browserName: msedge, browserVersion: 110.0.1587.57, ms:edgeOptions: {debuggerAddress: localhost:58635}, msedge: {msedgedriverVersion: 110.0.1587.56 (65e63b43e03b..., userDataDir: C:\Users\SRKTRV~1\AppData\L...}, networkConnectionEnabled: false, pageLoadStrategy: normal, platformName: WINDOWS, proxy: Proxy(), se:cdp: ws://localhost:58635/devtoo..., se:cdpVersion: 110.0.1587.57, setWindowRect: true, strictFileInteractability: false, timeouts: {implicit: 0, pageLoad: 300000, script: 30000}, unhandledPromptBehavior: dismiss and notify, webauthn:extension:credBlob: true, webauthn:extension:largeBlob: true, webauthn:virtualAuthenticators: true}
Element: [[EdgeDriver: msedge on WINDOWS (da248fd1e7b18aa93ba04171bde33a60)] -> xpath: //textarea[@name='q']]
Session ID: da248fd1e7b18aa93ba04171bde33a60
at org.openqa.selenium.remote.codec.w3c.W3CHttpResponseCodec.createException(W3CHttpResponseCodec.java:200)
at org.openqa.selenium.remote.codec.w3c.W3CHttpResponseCodec.decode(W3CHttpResponseCodec.java:133)
at org.openqa.selenium.remote.codec.w3c.W3CHttpResponseCodec.decode(W3CHttpResponseCodec.java:53)
at org.openqa.selenium.remote.HttpCommandExecutor.execute(HttpCommandExecutor.java:184)
at org.openqa.selenium.remote.service.DriverCommandExecutor.invokeExecute(DriverCommandExecutor.java:167)
at org.openqa.selenium.remote.service.DriverCommandExecutor.execute(DriverCommandExecutor.java:142)
at org.openqa.selenium.remote.RemoteWebDriver.execute(RemoteWebDriver.java:543)
at org.openqa.selenium.remote.RemoteWebElement.execute(RemoteWebElement.java:257)
at org.openqa.selenium.remote.RemoteWebElement.sendKeys(RemoteWebElement.java:113)
at BingPackage.BingClass.Search(BingClass.java:45)
at java.base/java.util.ArrayList.forEach(ArrayList.java:1511)
... Removed 32 stack frames]]>
    </failure>
  </testcase> <!-- Search -->
  <testcase classname="BingPackage.BingClass" name="Search" time="1.436"/>
  <testcase classname="BingPackage.BingClass" name="Search" time="1.614"/>
  <testcase classname="BingPackage.BingClass" name="Search" time="2.013"/>
  <testcase classname="BingPackage.BingClass" name="Search" time="1.989"/>
  <testcase classname="BingPackage.BingClass" name="Search" time="4.227"/>
  <testcase classname="BingPackage.BingClass" name="Search" time="1.636"/>
  <testcase classname="BingPackage.BingClass" name="Search" time="1.737"/>
  <testcase classname="BingPackage.BingClass" name="Search" time="1.549"/>
  <testcase classname="BingPackage.BingClass" name="Search" time="1.575"/>
  <testcase classname="BingPackage.BingClass" name="Search" time="1.995"/>
  <testcase classname="BingPackage.BingClass" name="Search" time="1.616"/>
  <testcase classname="BingPackage.BingClass" name="Search" time="1.604"/>
  <testcase classname="BingPackage.BingClass" name="Search" time="1.866"/>
  <testcase classname="BingPackage.BingClass" name="Search" time="2.038"/>
  <testcase classname="BingPackage.BingClass" name="Search" time="2.331"/>
  <testcase classname="BingPackage.BingClass" name="Search" time="1.599"/>
  <testcase classname="BingPackage.BingClass" name="Search" time="1.691"/>
  <testcase classname="BingPackage.BingClass" name="Search" time="1.811"/>
  <testcase classname="BingPackage.BingClass" name="Search" time="1.637"/>
  <testcase classname="BingPackage.BingClass" name="Search" time="1.861"/>
  <testcase classname="BingPackage.BingClass" name="Search" time="1.719"/>
  <testcase classname="BingPackage.BingClass" name="Search" time="1.777"/>
  <testcase classname="BingPackage.BingClass" name="Search" time="1.525"/>
  <testcase classname="BingPackage.BingClass" name="Search" time="1.537"/>
  <testcase classname="BingPackage.BingClass" name="Search" time="1.764"/>
  <testcase classname="BingPackage.BingClass" name="Search" time="1.684"/>
  <testcase classname="BingPackage.BingClass" name="Search" time="1.576"/>
  <testcase classname="BingPackage.BingClass" name="Search" time="1.646"/>
  <testcase classname="BingPackage.BingClass" name="Search" time="1.62"/>
  <testcase classname="BingPackage.BingClass" name="Search" time="1.395"/>
  <testcase classname="BingPackage.BingClass" name="Search" time="1.69"/>
  <testcase classname="BingPackage.BingClass" name="Search" time="1.827"/>
  <testcase classname="BingPackage.BingClass" name="Search" time="1.628"/>
</testsuite> <!-- Bing Web Search -->
