<?xml version="1.0" encoding="UTF-8"?>
<!-- Generated by org.testng.reporters.JUnitXMLReporter -->
<testsuite ignored="0" hostname="QPaaSICNV5479" failures="1" tests="35" name="Bing Web Search" time="65.901" errors="0" timestamp="2023-03-02T01:46:30 EST">
  <testcase classname="BingPackage.BingClass" name="SignIn" time="7.261"/>
  <testcase classname="BingPackage.BingClass" name="Search" time="1.223">
    <failure type="org.openqa.selenium.ElementNotInteractableException" message="element not interactable
  (Session info: MicrosoftEdge=110.0.1587.57)
Build info: version: &amp;apos;4.8.0&amp;apos;, revision: &amp;apos;267030adea&amp;apos;
System info: os.name: &amp;apos;Windows 10&amp;apos;, os.arch: &amp;apos;amd64&amp;apos;, os.version: &amp;apos;10.0&amp;apos;, java.version: &amp;apos;17.0.4.1&amp;apos;
Driver info: org.openqa.selenium.edge.EdgeDriver
Command: [7bd8fca1b8f77cf3114d618a1264f300, sendKeysToElement {id=6d6ea3d9-f7da-418e-a5d7-7383bb5427bc, value=[Ljava.lang.CharSequence;@627d8516}]
Capabilities {acceptInsecureCerts: false, browserName: msedge, browserVersion: 110.0.1587.57, ms:edgeOptions: {debuggerAddress: localhost:61113}, msedge: {msedgedriverVersion: 110.0.1587.56 (65e63b43e03b..., userDataDir: C:\Users\SRKTRV~1\AppData\L...}, networkConnectionEnabled: false, pageLoadStrategy: normal, platformName: WINDOWS, proxy: Proxy(), se:cdp: ws://localhost:61113/devtoo..., se:cdpVersion: 110.0.1587.57, setWindowRect: true, strictFileInteractability: false, timeouts: {implicit: 0, pageLoad: 300000, script: 30000}, unhandledPromptBehavior: dismiss and notify, webauthn:extension:credBlob: true, webauthn:extension:largeBlob: true, webauthn:virtualAuthenticators: true}
Element: [[EdgeDriver: msedge on WINDOWS (7bd8fca1b8f77cf3114d618a1264f300)] -&amp;gt; xpath: //textarea[@name=&amp;apos;q&amp;apos;]]
Session ID: 7bd8fca1b8f77cf3114d618a1264f300">
      <![CDATA[org.openqa.selenium.ElementNotInteractableException: element not interactable
  (Session info: MicrosoftEdge=110.0.1587.57)
Build info: version: '4.8.0', revision: '267030adea'
System info: os.name: 'Windows 10', os.arch: 'amd64', os.version: '10.0', java.version: '17.0.4.1'
Driver info: org.openqa.selenium.edge.EdgeDriver
Command: [7bd8fca1b8f77cf3114d618a1264f300, sendKeysToElement {id=6d6ea3d9-f7da-418e-a5d7-7383bb5427bc, value=[Ljava.lang.CharSequence;@627d8516}]
Capabilities {acceptInsecureCerts: false, browserName: msedge, browserVersion: 110.0.1587.57, ms:edgeOptions: {debuggerAddress: localhost:61113}, msedge: {msedgedriverVersion: 110.0.1587.56 (65e63b43e03b..., userDataDir: C:\Users\SRKTRV~1\AppData\L...}, networkConnectionEnabled: false, pageLoadStrategy: normal, platformName: WINDOWS, proxy: Proxy(), se:cdp: ws://localhost:61113/devtoo..., se:cdpVersion: 110.0.1587.57, setWindowRect: true, strictFileInteractability: false, timeouts: {implicit: 0, pageLoad: 300000, script: 30000}, unhandledPromptBehavior: dismiss and notify, webauthn:extension:credBlob: true, webauthn:extension:largeBlob: true, webauthn:virtualAuthenticators: true}
Element: [[EdgeDriver: msedge on WINDOWS (7bd8fca1b8f77cf3114d618a1264f300)] -> xpath: //textarea[@name='q']]
Session ID: 7bd8fca1b8f77cf3114d618a1264f300
at org.openqa.selenium.remote.codec.w3c.W3CHttpResponseCodec.createException(W3CHttpResponseCodec.java:200)
at org.openqa.selenium.remote.codec.w3c.W3CHttpResponseCodec.decode(W3CHttpResponseCodec.java:133)
at org.openqa.selenium.remote.codec.w3c.W3CHttpResponseCodec.decode(W3CHttpResponseCodec.java:53)
at org.openqa.selenium.remote.HttpCommandExecutor.execute(HttpCommandExecutor.java:184)
at org.openqa.selenium.remote.service.DriverCommandExecutor.invokeExecute(DriverCommandExecutor.java:167)
at org.openqa.selenium.remote.service.DriverCommandExecutor.execute(DriverCommandExecutor.java:142)
at org.openqa.selenium.remote.RemoteWebDriver.execute(RemoteWebDriver.java:543)
at org.openqa.selenium.remote.RemoteWebElement.execute(RemoteWebElement.java:257)
at org.openqa.selenium.remote.RemoteWebElement.sendKeys(RemoteWebElement.java:113)
at BingPackage.BingClass.Search(BingClass.java:45)
at java.base/java.util.ArrayList.forEach(ArrayList.java:1511)
... Removed 32 stack frames]]>
    </failure>
  </testcase> <!-- Search -->
  <testcase classname="BingPackage.BingClass" name="Search" time="0.619"/>
  <testcase classname="BingPackage.BingClass" name="Search" time="1.42"/>
  <testcase classname="BingPackage.BingClass" name="Search" time="1.672"/>
  <testcase classname="BingPackage.BingClass" name="Search" time="1.909"/>
  <testcase classname="BingPackage.BingClass" name="Search" time="1.656"/>
  <testcase classname="BingPackage.BingClass" name="Search" time="1.513"/>
  <testcase classname="BingPackage.BingClass" name="Search" time="1.303"/>
  <testcase classname="BingPackage.BingClass" name="Search" time="1.628"/>
  <testcase classname="BingPackage.BingClass" name="Search" time="1.46"/>
  <testcase classname="BingPackage.BingClass" name="Search" time="2.534"/>
  <testcase classname="BingPackage.BingClass" name="Search" time="1.86"/>
  <testcase classname="BingPackage.BingClass" name="Search" time="1.879"/>
  <testcase classname="BingPackage.BingClass" name="Search" time="2.132"/>
  <testcase classname="BingPackage.BingClass" name="Search" time="1.782"/>
  <testcase classname="BingPackage.BingClass" name="Search" time="1.57"/>
  <testcase classname="BingPackage.BingClass" name="Search" time="1.883"/>
  <testcase classname="BingPackage.BingClass" name="Search" time="1.507"/>
  <testcase classname="BingPackage.BingClass" name="Search" time="1.57"/>
  <testcase classname="BingPackage.BingClass" name="Search" time="1.601"/>
  <testcase classname="BingPackage.BingClass" name="Search" time="1.752"/>
  <testcase classname="BingPackage.BingClass" name="Search" time="1.733"/>
  <testcase classname="BingPackage.BingClass" name="Search" time="1.78"/>
  <testcase classname="BingPackage.BingClass" name="Search" time="1.821"/>
  <testcase classname="BingPackage.BingClass" name="Search" time="1.687"/>
  <testcase classname="BingPackage.BingClass" name="Search" time="1.552"/>
  <testcase classname="BingPackage.BingClass" name="Search" time="1.655"/>
  <testcase classname="BingPackage.BingClass" name="Search" time="2.603"/>
  <testcase classname="BingPackage.BingClass" name="Search" time="1.526"/>
  <testcase classname="BingPackage.BingClass" name="Search" time="2.095"/>
  <testcase classname="BingPackage.BingClass" name="Search" time="2.534"/>
  <testcase classname="BingPackage.BingClass" name="Search" time="1.714"/>
  <testcase classname="BingPackage.BingClass" name="Search" time="1.618"/>
  <testcase classname="BingPackage.BingClass" name="Search" time="1.668"/>
</testsuite> <!-- Bing Web Search -->
